[0m21:47:05.526677 [debug] [MainThread]: Sending event: {'category': 'dbt', 'action': 'invocation', 'label': 'start', 'context': [<snowplow_tracker.self_describing_json.SelfDescribingJson object at 0x728f320bdbb0>, <snowplow_tracker.self_describing_json.SelfDescribingJson object at 0x728f307a2b20>, <snowplow_tracker.self_describing_json.SelfDescribingJson object at 0x728f307a2ac0>]}


============================== 21:47:05.532126 | 534999f0-f47b-4b68-ba57-d9f697b9d384 ==============================
[0m21:47:05.532126 [info ] [MainThread]: Running with dbt=1.7.7
[0m21:47:05.533281 [debug] [MainThread]: running dbt with arguments {'printer_width': '80', 'indirect_selection': 'eager', 'log_cache_events': 'False', 'write_json': 'True', 'partial_parse': 'True', 'cache_selected_only': 'False', 'profiles_dir': '/home/Neo/.dbt', 'debug': 'False', 'warn_error': 'None', 'log_path': 'logs', 'version_check': 'True', 'fail_fast': 'False', 'use_colors': 'True', 'use_experimental_parser': 'False', 'no_print': 'None', 'quiet': 'False', 'warn_error_options': 'WarnErrorOptions(include=[], exclude=[])', 'static_parser': 'True', 'log_format': 'default', 'introspect': 'True', 'target_path': 'None', 'invocation_command': 'dbt debug', 'send_anonymous_usage_stats': 'True'}
[0m21:47:05.534488 [info ] [MainThread]: dbt version: 1.7.7
[0m21:47:05.535292 [info ] [MainThread]: python version: 3.9.6
[0m21:47:05.536117 [info ] [MainThread]: python path: /home/Neo/.pyenv/versions/3.9.6/envs/myenv/bin/python
[0m21:47:05.536930 [info ] [MainThread]: os info: Linux-6.11.3-arch1-1-x86_64-with-glibc2.40
[0m21:47:05.537782 [info ] [MainThread]: Using profiles dir at /home/Neo/.dbt
[0m21:47:05.538496 [info ] [MainThread]: Using profiles.yml file at /home/Neo/.dbt/profiles.yml
[0m21:47:05.539260 [info ] [MainThread]: Using dbt_project.yml file at /home/Neo/kuber/dbt_project.yml
[0m21:47:05.540026 [info ] [MainThread]: Configuration:
[0m21:47:05.540816 [info ] [MainThread]:   profiles.yml file [[31mERROR not found[0m]
[0m21:47:05.541545 [info ] [MainThread]:   dbt_project.yml file [[31mERROR not found[0m]
[0m21:47:05.542255 [info ] [MainThread]: Required dependencies:
[0m21:47:05.543069 [debug] [MainThread]: Executing "git --help"
[0m21:47:05.549452 [debug] [MainThread]: STDOUT: "b"usage: git [-v | --version] [-h | --help] [-C <path>] [-c <name>=<value>]\n           [--exec-path[=<path>]] [--html-path] [--man-path] [--info-path]\n           [-p | --paginate | -P | --no-pager] [--no-replace-objects] [--no-lazy-fetch]\n           [--no-optional-locks] [--no-advice] [--bare] [--git-dir=<path>]\n           [--work-tree=<path>] [--namespace=<name>] [--config-env=<name>=<envvar>]\n           <command> [<args>]\n\nThese are common Git commands used in various situations:\n\nstart a working area (see also: git help tutorial)\n   clone     Clone a repository into a new directory\n   init      Create an empty Git repository or reinitialize an existing one\n\nwork on the current change (see also: git help everyday)\n   add       Add file contents to the index\n   mv        Move or rename a file, a directory, or a symlink\n   restore   Restore working tree files\n   rm        Remove files from the working tree and from the index\n\nexamine the history and state (see also: git help revisions)\n   bisect    Use binary search to find the commit that introduced a bug\n   diff      Show changes between commits, commit and working tree, etc\n   grep      Print lines matching a pattern\n   log       Show commit logs\n   show      Show various types of objects\n   status    Show the working tree status\n\ngrow, mark and tweak your common history\n   branch    List, create, or delete branches\n   commit    Record changes to the repository\n   merge     Join two or more development histories together\n   rebase    Reapply commits on top of another base tip\n   reset     Reset current HEAD to the specified state\n   switch    Switch branches\n   tag       Create, list, delete or verify a tag object signed with GPG\n\ncollaborate (see also: git help workflows)\n   fetch     Download objects and refs from another repository\n   pull      Fetch from and integrate with another repository or a local branch\n   push      Update remote refs along with associated objects\n\n'git help -a' and 'git help -g' list available subcommands and some\nconcept guides. See 'git help <command>' or 'git help <concept>'\nto read about a specific subcommand or concept.\nSee 'git help git' for an overview of the system.\n""
[0m21:47:05.550774 [debug] [MainThread]: STDERR: "b''"
[0m21:47:05.551662 [info ] [MainThread]:  - git [[32mOK found[0m]

[0m21:47:05.552571 [info ] [MainThread]: Connection test skipped since no profile was found
[0m21:47:05.553538 [info ] [MainThread]: [31m2 checks failed:[0m
[0m21:47:05.554454 [info ] [MainThread]: dbt looked for a profiles.yml file in /home/Neo/.dbt/profiles.yml, but did
not find one. For more information on configuring your profile, consult the
documentation:

https://docs.getdbt.com/docs/configure-your-profile


[0m21:47:05.555291 [info ] [MainThread]: Project loading failed for the following reason:
 project path </home/Neo/kuber/dbt_project.yml> not found

[0m21:47:05.557184 [debug] [MainThread]: Sending event: {'category': 'dbt', 'action': 'invocation', 'label': 'end', 'context': [<snowplow_tracker.self_describing_json.SelfDescribingJson object at 0x728f320bdbb0>, <snowplow_tracker.self_describing_json.SelfDescribingJson object at 0x728f307a2af0>, <snowplow_tracker.self_describing_json.SelfDescribingJson object at 0x728f307a2c10>]}
[0m21:47:05.558277 [debug] [MainThread]: Flushing usage events
[0m22:27:23.174623 [debug] [MainThread]: Sending event: {'category': 'dbt', 'action': 'invocation', 'label': 'start', 'context': [<snowplow_tracker.self_describing_json.SelfDescribingJson object at 0x743ecd1db8b0>, <snowplow_tracker.self_describing_json.SelfDescribingJson object at 0x743ecd9a8e20>, <snowplow_tracker.self_describing_json.SelfDescribingJson object at 0x743ecd9a8dc0>]}


============================== 22:27:23.179724 | 5e89b911-873a-4777-bcc5-2a228d88caac ==============================
[0m22:27:23.179724 [info ] [MainThread]: Running with dbt=1.7.7
[0m22:27:23.180970 [debug] [MainThread]: running dbt with arguments {'printer_width': '80', 'indirect_selection': 'eager', 'write_json': 'True', 'log_cache_events': 'False', 'partial_parse': 'True', 'cache_selected_only': 'False', 'warn_error': 'None', 'fail_fast': 'False', 'debug': 'False', 'log_path': 'logs', 'profiles_dir': '/home/Neo/.dbt', 'version_check': 'True', 'use_colors': 'True', 'use_experimental_parser': 'False', 'no_print': 'None', 'quiet': 'False', 'log_format': 'default', 'static_parser': 'True', 'invocation_command': 'dbt deps --upgrade', 'introspect': 'True', 'target_path': 'None', 'warn_error_options': 'WarnErrorOptions(include=[], exclude=[])', 'send_anonymous_usage_stats': 'True'}
[0m22:27:23.182256 [error] [MainThread]: Encountered an error:
Runtime Error
  No dbt_project.yml found at expected path /home/Neo/kuber/dbt_project.yml
  Verify that each entry within packages.yml (and their transitive dependencies) contains a file named dbt_project.yml
  
[0m22:27:23.183837 [debug] [MainThread]: Sending event: {'category': 'dbt', 'action': 'invocation', 'label': 'end', 'context': [<snowplow_tracker.self_describing_json.SelfDescribingJson object at 0x743ecd1db8b0>, <snowplow_tracker.self_describing_json.SelfDescribingJson object at 0x743ecb8d73d0>, <snowplow_tracker.self_describing_json.SelfDescribingJson object at 0x743ecb8d76d0>]}
[0m22:27:23.184740 [debug] [MainThread]: Flushing usage events
